# Wmlscope reporting on Mon Jun 10 22:35:10 2013
# Invocation: ./wmlscope -u /home/trewe/src/umc-campaigns/Saving_Elensefar /home/trewe/Games/wesnoth/1.11/data/core /home/trewe/Games/wesnoth/1.11/data/multiplayer /home/trewe/Games/wesnoth/1.11/data/themes /home/trewe/Games/wesnoth/1.11/data/campaigns/An_Orcish_Incursion /home/trewe/Games/wesnoth/1.11/data/campaigns/Dead_Water /home/trewe/Games/wesnoth/1.11/data/campaigns/Delfadors_Memoirs /home/trewe/Games/wesnoth/1.11/data/campaigns/Descent_Into_Darkness /home/trewe/Games/wesnoth/1.11/data/campaigns/Eastern_Invasion /home/trewe/Games/wesnoth/1.11/data/campaigns/Heir_To_The_Throne /home/trewe/Games/wesnoth/1.11/data/campaigns/Legend_of_Wesmere /home/trewe/Games/wesnoth/1.11/data/campaigns/Liberty /home/trewe/Games/wesnoth/1.11/data/campaigns/Northern_Rebirth /home/trewe/Games/wesnoth/1.11/data/campaigns/Sceptre_of_Fire /home/trewe/Games/wesnoth/1.11/data/campaigns/Son_Of_The_Black_Eye /home/trewe/Games/wesnoth/1.11/data/campaigns/The_Hammer_of_Thursagan /home/trewe/Games/wesnoth/1.11/data/campaigns/The_Rise_Of_Wesnoth /home/trewe/Games/wesnoth/1.11/data/campaigns/The_South_Guard /home/trewe/Games/wesnoth/1.11/data/campaigns/Two_Brothers /home/trewe/Games/wesnoth/1.11/data/campaigns/Under_the_Burning_Suns /home/trewe/Games/wesnoth/1.11/data/campaigns/tutorial
# Working directory: /home/trewe/Games/wesnoth/1.11/data/tools
#Cross-reference time: 256 seconds
"/home/trewe/src/umc-campaigns/Saving_Elensefar/scenarios/i1_The_Swampland.cfg", line 36: Unresolved reference -> CHECK_MOVE
"/home/trewe/src/umc-campaigns/Saving_Elensefar/scenarios/i1_The_Swampland.cfg", line 37: Unresolved reference -> CHECK_MOVE
"/home/trewe/src/umc-campaigns/Saving_Elensefar/scenarios/i1_The_Swampland.cfg", line 38: Unresolved reference -> CHECK_MOVE
"/home/trewe/src/umc-campaigns/Saving_Elensefar/scenarios/i1_The_Swampland.cfg", line 39: Unresolved reference -> CHECK_MOVE
"/home/trewe/src/umc-campaigns/Saving_Elensefar/scenarios/i1_The_Swampland.cfg", line 42: Unresolved reference -> CHECK_MOVE
"/home/trewe/src/umc-campaigns/Saving_Elensefar/scenarios/i1_The_Swampland.cfg", line 43: Unresolved reference -> CHECK_MOVE
"/home/trewe/src/umc-campaigns/Saving_Elensefar/scenarios/i1_The_Swampland.cfg", line 44: Unresolved reference -> CHECK_MOVE
"/home/trewe/src/umc-campaigns/Saving_Elensefar/scenarios/i1_The_Swampland.cfg", line 45: Unresolved reference -> CHECK_MOVE
"/home/trewe/src/umc-campaigns/Saving_Elensefar/scenarios/i1_The_Swampland.cfg", line 48: Unresolved reference -> CHECK_MOVE
"/home/trewe/src/umc-campaigns/Saving_Elensefar/scenarios/i1_The_Swampland.cfg", line 49: Unresolved reference -> CHECK_MOVE
"/home/trewe/src/umc-campaigns/Saving_Elensefar/scenarios/i1_The_Swampland.cfg", line 50: Unresolved reference -> CHECK_MOVE
"/home/trewe/src/umc-campaigns/Saving_Elensefar/scenarios/i1_The_Swampland.cfg", line 51: Unresolved reference -> CHECK_MOVE
"/home/trewe/src/umc-campaigns/Saving_Elensefar/scenarios/i1_The_Swampland.cfg", line 52: Unresolved reference -> CHECK_MOVE
"/home/trewe/src/umc-campaigns/Saving_Elensefar/scenarios/i1_The_Swampland.cfg", line 53: Unresolved reference -> CHECK_MOVE
"/home/trewe/src/umc-campaigns/Saving_Elensefar/scenarios/i1_The_Swampland.cfg", line 54: Unresolved reference -> CHECK_MOVE
"/home/trewe/src/umc-campaigns/Saving_Elensefar/scenarios/i1_The_Swampland.cfg", line 55: Unresolved reference -> CHECK_MOVE
"/home/trewe/src/umc-campaigns/Saving_Elensefar/scenarios/i1_The_Swampland.cfg", line 56: Unresolved reference -> CHECK_MOVE
"/home/trewe/src/umc-campaigns/Saving_Elensefar/scenarios/i1_The_Swampland.cfg", line 57: Unresolved reference -> CHECK_MOVE
"/home/trewe/src/umc-campaigns/Saving_Elensefar/scenarios/i1_The_Swampland.cfg", line 58: Unresolved reference -> CHECK_MOVE
"/home/trewe/src/umc-campaigns/Saving_Elensefar/scenarios/i1_The_Swampland.cfg", line 59: Unresolved reference -> CHECK_MOVE
"/home/trewe/src/umc-campaigns/Saving_Elensefar/scenarios/i1_The_Swampland.cfg", line 60: Unresolved reference -> CHECK_MOVE
"/home/trewe/src/umc-campaigns/Saving_Elensefar/scenarios/i1_The_Swampland.cfg", line 61: Unresolved reference -> CHECK_MOVE
"/home/trewe/src/umc-campaigns/Saving_Elensefar/scenarios/i1_The_Swampland.cfg", line 62: Unresolved reference -> CHECK_MOVE
"/home/trewe/src/umc-campaigns/Saving_Elensefar/scenarios/i1_The_Swampland.cfg", line 63: Unresolved reference -> CHECK_MOVE
"/home/trewe/src/umc-campaigns/Saving_Elensefar/scenarios/i1_The_Swampland.cfg", line 66: Unresolved reference -> CHECK_MOVE
"/home/trewe/src/umc-campaigns/Saving_Elensefar/scenarios/i1_The_Swampland.cfg", line 67: Unresolved reference -> CHECK_MOVE
"/home/trewe/src/umc-campaigns/Saving_Elensefar/scenarios/i1_The_Swampland.cfg", line 68: Unresolved reference -> CHECK_MOVE
"/home/trewe/src/umc-campaigns/Saving_Elensefar/scenarios/i1_The_Swampland.cfg", line 69: Unresolved reference -> CHECK_MOVE
"/home/trewe/src/umc-campaigns/Saving_Elensefar/scenarios/i1_The_Swampland.cfg", line 70: Unresolved reference -> CHECK_MOVE
"/home/trewe/src/umc-campaigns/Saving_Elensefar/scenarios/i1_The_Swampland.cfg", line 71: Unresolved reference -> CHECK_MOVE
"/home/trewe/src/umc-campaigns/Saving_Elensefar/scenarios/i1_The_Swampland.cfg", line 72: Unresolved reference -> CHECK_MOVE
"/home/trewe/src/umc-campaigns/Saving_Elensefar/scenarios/i1_The_Swampland.cfg", line 73: Unresolved reference -> CHECK_MOVE
"/home/trewe/src/umc-campaigns/Saving_Elensefar/scenarios/i1_The_Swampland.cfg", line 76: Unresolved reference -> CHECK_MOVE
"/home/trewe/src/umc-campaigns/Saving_Elensefar/scenarios/i1_The_Swampland.cfg", line 77: Unresolved reference -> CHECK_MOVE
"/home/trewe/src/umc-campaigns/Saving_Elensefar/scenarios/i1_The_Swampland.cfg", line 78: Unresolved reference -> CHECK_MOVE
"/home/trewe/src/umc-campaigns/Saving_Elensefar/scenarios/i1_The_Swampland.cfg", line 79: Unresolved reference -> CHECK_MOVE
"/home/trewe/src/umc-campaigns/Saving_Elensefar/scenarios/i1_The_Swampland.cfg", line 80: Unresolved reference -> CHECK_MOVE
"/home/trewe/src/umc-campaigns/Saving_Elensefar/scenarios/i1_The_Swampland.cfg", line 81: Unresolved reference -> CHECK_MOVE
"/home/trewe/src/umc-campaigns/Saving_Elensefar/scenarios/i1_The_Swampland.cfg", line 82: Unresolved reference -> CHECK_MOVE
"/home/trewe/src/umc-campaigns/Saving_Elensefar/scenarios/i1_The_Swampland.cfg", line 83: Unresolved reference -> CHECK_MOVE
"/home/trewe/src/umc-campaigns/Saving_Elensefar/scenarios/i1_The_Swampland.cfg", line 84: Unresolved reference -> CHECK_MOVE
"/home/trewe/src/umc-campaigns/Saving_Elensefar/scenarios/i1_The_Swampland.cfg", line 85: Unresolved reference -> CHECK_MOVE
"/home/trewe/src/umc-campaigns/Saving_Elensefar/scenarios/i1_The_Swampland.cfg", line 86: Unresolved reference -> CHECK_MOVE
"/home/trewe/src/umc-campaigns/Saving_Elensefar/scenarios/i1_The_Swampland.cfg", line 87: Unresolved reference -> CHECK_MOVE
"/home/trewe/src/umc-campaigns/Saving_Elensefar/scenarios/i1_The_Swampland.cfg", line 88: Unresolved reference -> CHECK_MOVE
"/home/trewe/src/umc-campaigns/Saving_Elensefar/scenarios/i1_The_Swampland.cfg", line 89: Unresolved reference -> CHECK_MOVE
"/home/trewe/src/umc-campaigns/Saving_Elensefar/scenarios/i1_The_Swampland.cfg", line 90: Unresolved reference -> CHECK_MOVE
"/home/trewe/src/umc-campaigns/Saving_Elensefar/scenarios/i1_The_Swampland.cfg", line 91: Unresolved reference -> CHECK_MOVE
"/home/trewe/src/umc-campaigns/Saving_Elensefar/scenarios/i1_The_Swampland.cfg", line 94: Unresolved reference -> CHECK_MOVE
"/home/trewe/src/umc-campaigns/Saving_Elensefar/scenarios/i1_The_Swampland.cfg", line 95: Unresolved reference -> CHECK_MOVE
"/home/trewe/src/umc-campaigns/Saving_Elensefar/scenarios/i1_The_Swampland.cfg", line 96: Unresolved reference -> CHECK_MOVE
"/home/trewe/src/umc-campaigns/Saving_Elensefar/scenarios/i1_The_Swampland.cfg", line 97: Unresolved reference -> CHECK_MOVE
"/home/trewe/src/umc-campaigns/Saving_Elensefar/scenarios/i1_The_Swampland.cfg", line 98: Unresolved reference -> CHECK_MOVE
"/home/trewe/src/umc-campaigns/Saving_Elensefar/scenarios/i1_The_Swampland.cfg", line 99: Unresolved reference -> CHECK_MOVE
"/home/trewe/src/umc-campaigns/Saving_Elensefar/scenarios/i1_The_Swampland.cfg", line 100: Unresolved reference -> CHECK_MOVE
"/home/trewe/src/umc-campaigns/Saving_Elensefar/scenarios/i1_The_Swampland.cfg", line 101: Unresolved reference -> CHECK_MOVE
"/home/trewe/src/umc-campaigns/Saving_Elensefar/scenarios/i1_The_Swampland.cfg", line 104: Unresolved reference -> CHECK_MOVE
"/home/trewe/src/umc-campaigns/Saving_Elensefar/scenarios/i1_The_Swampland.cfg", line 105: Unresolved reference -> CHECK_MOVE
"/home/trewe/src/umc-campaigns/Saving_Elensefar/scenarios/i1_The_Swampland.cfg", line 106: Unresolved reference -> CHECK_MOVE
"/home/trewe/src/umc-campaigns/Saving_Elensefar/scenarios/i1_The_Swampland.cfg", line 107: Unresolved reference -> CHECK_MOVE
"/home/trewe/Games/wesnoth/1.11/data/core/editor/time-of-day.cfg", line 42: Unresolved reference -> TWO_SUNS_DEFAULT_SCHEDULE
"/home/trewe/src/umc-campaigns/Saving_Elensefar/scenarios/01_Escaping_the_Orcs.cfg", line 7: Unresolved reference -> add-ons/Saving_Elensefar/maps/Escaping_the_Orcs.map
"/home/trewe/src/umc-campaigns/Saving_Elensefar/scenarios/02_A_Naval_Engagement.cfg", line 7: Unresolved reference -> add-ons/Saving_Elensefar/maps/A_Naval_Engagement.map
"/home/trewe/src/umc-campaigns/Saving_Elensefar/scenarios/03_Blackmore_the_Black.cfg", line 7: Unresolved reference -> add-ons/Saving_Elensefar/maps/Blackmore_the_Black.map
"/home/trewe/src/umc-campaigns/Saving_Elensefar/scenarios/04_Saving_Elensefar.cfg", line 7: Unresolved reference -> add-ons/Saving_Elensefar/maps/Saving_Elensefar.map
"/home/trewe/src/umc-campaigns/Saving_Elensefar/scenarios/04_Saving_Elensefar.cfg", line 217: Unresolved reference -> add-ons/Saving_Elensefar/maps/Saving_Elensefar_north.mask
"/home/trewe/src/umc-campaigns/Saving_Elensefar/scenarios/04_Saving_Elensefar.cfg", line 243: Unresolved reference -> add-ons/Saving_Elensefar/maps/Saving_Elensefar_south.mask
"/home/trewe/src/umc-campaigns/Saving_Elensefar/scenarios/04_Saving_Elensefar.cfg", line 269: Unresolved reference -> add-ons/Saving_Elensefar/maps/Saving_Elensefar_harbour.mask
"/home/trewe/src/umc-campaigns/Saving_Elensefar/scenarios/04_Saving_Elensefar.cfg", line 307: Unresolved reference -> add-ons/Saving_Elensefar/maps/Saving_Elensefar_split.mask
"/home/trewe/src/umc-campaigns/Saving_Elensefar/scenarios/f1-Attacked_at_Sea.cfg", line 7: Unresolved reference -> add-ons/Saving_Elensefar/maps/fake1-Attacked_at_Sea.map
"/home/trewe/src/umc-campaigns/Saving_Elensefar/scenarios/f2-Return_to_Elensefar.cfg", line 7: Unresolved reference -> add-ons/Saving_Elensefar/maps/fake2-Return_to_Elensefar.map
"/home/trewe/src/umc-campaigns/Saving_Elensefar/scenarios/f3-Epilogue.cfg", line 7: Unresolved reference -> add-ons/Saving_Elensefar/maps/fake3-Epilogue.map
"/home/trewe/src/umc-campaigns/Saving_Elensefar/scenarios/i10_A_Kings_Demand.cfg", line 7: Unresolved reference -> add-ons/Saving_Elensefar/maps/A_Kings_Demand.map
"/home/trewe/src/umc-campaigns/Saving_Elensefar/scenarios/i11_Off_the_Peninsula.cfg", line 7: Unresolved reference -> add-ons/Saving_Elensefar/maps/Off_the_Peninsula.map
"/home/trewe/src/umc-campaigns/Saving_Elensefar/scenarios/i12_The_Desert_Island.cfg", line 7: Unresolved reference -> add-ons/Saving_Elensefar/maps/The_Desert_Island.map
"/home/trewe/src/umc-campaigns/Saving_Elensefar/scenarios/i13_The_Ruined_Port.cfg", line 7: Unresolved reference -> add-ons/Saving_Elensefar/maps/The_Ruined_Port.map
"/home/trewe/src/umc-campaigns/Saving_Elensefar/scenarios/i15_Alduin.cfg", line 8: Unresolved reference -> add-ons/Saving_Elensefar/maps/isle_alduin.map
"/home/trewe/src/umc-campaigns/Saving_Elensefar/scenarios/i16_Goblins.cfg", line 7: Unresolved reference -> add-ons/Saving_Elensefar/maps/goblin_island.map
"/home/trewe/src/umc-campaigns/Saving_Elensefar/scenarios/i17_Saurian_Trap.cfg", line 7: Unresolved reference -> add-ons/Saving_Elensefar/maps/lizard_trap.map
"/home/trewe/src/umc-campaigns/Saving_Elensefar/scenarios/i18_Cave_illien.cfg", line 8: Unresolved reference -> add-ons/Saving_Elensefar/maps/Cave_Illirien.map
"/home/trewe/src/umc-campaigns/Saving_Elensefar/scenarios/i19_Unknown_Horizons.cfg", line 7: Unresolved reference -> add-ons/Saving_Elensefar/maps/Unknown_Horizons.map
"/home/trewe/src/umc-campaigns/Saving_Elensefar/scenarios/i1_The_Swampland.cfg", line 9: Unresolved reference -> add-ons/Saving_Elensefar/maps/The_Swampland.map
"/home/trewe/src/umc-campaigns/Saving_Elensefar/scenarios/i2_Orc_Mountain.cfg", line 7: Unresolved reference -> add-ons/Saving_Elensefar/maps/Orc_Mountain.map
"/home/trewe/src/umc-campaigns/Saving_Elensefar/scenarios/i3-1_Theft.cfg", line 7: Unresolved reference -> add-ons/Saving_Elensefar/maps/Theft.map
"/home/trewe/src/umc-campaigns/Saving_Elensefar/scenarios/i4_Back_to_the_Ship.cfg", line 7: Unresolved reference -> add-ons/Saving_Elensefar/maps/Back_to_the_Ship.map
"/home/trewe/src/umc-campaigns/Saving_Elensefar/scenarios/i5_Fire_Island.cfg", line 8: Unresolved reference -> add-ons/Saving_Elensefar/maps/Fire_Island.map
"/home/trewe/src/umc-campaigns/Saving_Elensefar/scenarios/i6_Traitors.cfg", line 7: Unresolved reference -> add-ons/Saving_Elensefar/maps/Traitors.map
"/home/trewe/src/umc-campaigns/Saving_Elensefar/scenarios/i7_Deadly_Alliance.cfg", line 7: Unresolved reference -> add-ons/Saving_Elensefar/maps/Deadly_Alliance.map
"/home/trewe/src/umc-campaigns/Saving_Elensefar/scenarios/i8_Frozen_Lands.cfg", line 7: Unresolved reference -> add-ons/Saving_Elensefar/maps/Frozen_Lands.map
"/home/trewe/src/umc-campaigns/Saving_Elensefar/scenarios/i9_Wesnothian_Forces.cfg", line 7: Unresolved reference -> add-ons/Saving_Elensefar/maps/Wesnothian_Forces.map
"/home/trewe/src/umc-campaigns/Saving_Elensefar/scenarios/r_Sea_Battle.cfg", line 9: Unresolved reference -> add-ons/Saving_Elensefar/maps/Sea_Battle/Variation_{DIRECT}.map
"/home/trewe/src/umc-campaigns/Saving_Elensefar/scenarios/r_The_High_Seas.cfg", line 6: Unresolved reference -> add-ons/Saving_Elensefar/maps/The_High_Seas.map
"/home/trewe/src/umc-campaigns/Saving_Elensefar/utils/moods.cfg", line 470: Unresolved reference -> add-ons/UMC_Music/music/{NAME}.ogg
"/home/trewe/Games/wesnoth/1.11/data/themes/editor.cfg", line 600: Unresolved reference -> icons/terrain/terrain_type_info.png
# Mismatched references:
"/home/trewe/src/umc-campaigns/Saving_Elensefar/scenarios/f1-Attacked_at_Sea.cfg", line 53: macro BEAM_DOWN(ID=name, X=numeric, Y=numeric, T=types) has mismatches:
"/home/trewe/src/umc-campaigns/Saving_Elensefar/scenarios/f1-Attacked_at_Sea.cfg", line 126: BEAM_DOWN(2, 9, 8, 500) with signature (ID=numeric, X=numeric, Y=numeric, T=numeric)
"/home/trewe/src/umc-campaigns/Saving_Elensefar/scenarios/f1-Attacked_at_Sea.cfg", line 140: BEAM_DOWN(3, 11, 9, 500) with signature (ID=numeric, X=numeric, Y=numeric, T=numeric)
"/home/trewe/src/umc-campaigns/Saving_Elensefar/scenarios/f1-Attacked_at_Sea.cfg", line 152: BEAM_DOWN(2, 3, 8, 300) with signature (ID=numeric, X=numeric, Y=numeric, T=numeric)
"/home/trewe/src/umc-campaigns/Saving_Elensefar/scenarios/f1-Attacked_at_Sea.cfg", line 155: BEAM_DOWN(3, 4, 8, 300) with signature (ID=numeric, X=numeric, Y=numeric, T=numeric)
"/home/trewe/src/umc-campaigns/Saving_Elensefar/scenarios/f1-Attacked_at_Sea.cfg", line 162: BEAM_DOWN(The_Explorer, 6, 7, 500) with signature (ID=name, X=numeric, Y=numeric, T=numeric)
"/home/trewe/src/umc-campaigns/Saving_Elensefar/scenarios/f1-Attacked_at_Sea.cfg", line 174: BEAM_DOWN(The_Explorer, 5, 9, 1000) with signature (ID=name, X=numeric, Y=numeric, T=numeric)
"/home/trewe/src/umc-campaigns/Saving_Elensefar/scenarios/f1-Attacked_at_Sea.cfg", line 40: macro BEAM_UP(ID=name) has mismatches:
"/home/trewe/src/umc-campaigns/Saving_Elensefar/scenarios/f1-Attacked_at_Sea.cfg", line 120: BEAM_UP(2) with signature (ID=numeric)
"/home/trewe/src/umc-campaigns/Saving_Elensefar/scenarios/f1-Attacked_at_Sea.cfg", line 139: BEAM_UP(3) with signature (ID=numeric)
"/home/trewe/src/umc-campaigns/Saving_Elensefar/scenarios/f1-Attacked_at_Sea.cfg", line 151: BEAM_UP(2) with signature (ID=numeric)
"/home/trewe/src/umc-campaigns/Saving_Elensefar/scenarios/f1-Attacked_at_Sea.cfg", line 154: BEAM_UP(3) with signature (ID=numeric)
"/home/trewe/src/umc-campaigns/Saving_Elensefar/utils/utils.cfg", line 305: macro RECALL_MOST_EXPERIENCED(ADDITIONAL_FILTER=filter, EASY=None, NORMAL=None, HARD=None) has mismatches:
"/home/trewe/src/umc-campaigns/Saving_Elensefar/scenarios/f3-Epilogue.cfg", line 101: RECALL_MOST_EXPERIENCED(, 1, 1, 1) with signature (ADDITIONAL_FILTER=empty, EASY=numeric, NORMAL=numeric, HARD=numeric)
"/home/trewe/src/umc-campaigns/Saving_Elensefar/scenarios/f3-Epilogue.cfg", line 123: RECALL_MOST_EXPERIENCED(, 1, 1, 1) with signature (ADDITIONAL_FILTER=empty, EASY=numeric, NORMAL=numeric, HARD=numeric)
"/home/trewe/src/umc-campaigns/Saving_Elensefar/utils/utils.cfg", line 422: macro SEARCH_NEAREST(SIDE=side, TERRAIN=terrain_code, LEADER=None) has mismatches:
"/home/trewe/src/umc-campaigns/Saving_Elensefar/scenarios/04_Saving_Elensefar.cfg", line 447: SEARCH_NEAREST(1, W*, id=Meneldur) with signature (SIDE=numeric, TERRAIN=name, LEADER=filter)
"/home/trewe/src/umc-campaigns/Saving_Elensefar/scenarios/04_Saving_Elensefar.cfg", line 454: SEARCH_NEAREST(1, W*, id=Meneldur) with signature (SIDE=numeric, TERRAIN=name, LEADER=filter)
"/home/trewe/src/umc-campaigns/Saving_Elensefar/scenarios/04_Saving_Elensefar.cfg", line 461: SEARCH_NEAREST(1, W*, id=Meneldur) with signature (SIDE=numeric, TERRAIN=name, LEADER=filter)
"/home/trewe/src/umc-campaigns/Saving_Elensefar/scenarios/04_Saving_Elensefar.cfg", line 700: SEARCH_NEAREST(1, W*, id=Meneldur) with signature (SIDE=numeric, TERRAIN=name, LEADER=filter)
"/home/trewe/src/umc-campaigns/Saving_Elensefar/scenarios/04_Saving_Elensefar.cfg", line 706: SEARCH_NEAREST(1, W*, id=Meneldur) with signature (SIDE=numeric, TERRAIN=name, LEADER=filter)
"/home/trewe/src/umc-campaigns/Saving_Elensefar/scenarios/04_Saving_Elensefar.cfg", line 712: SEARCH_NEAREST(1, W*, id=Meneldur) with signature (SIDE=numeric, TERRAIN=name, LEADER=filter)
"/home/trewe/Games/wesnoth/1.11/data/core/macros/interface-utils.cfg", line 115: macro SET_LABEL(X=numeric, Y=numeric, STRING=string) has mismatches:
"/home/trewe/src/umc-campaigns/Saving_Elensefar/scenarios/i1_The_Swampland.cfg", line 253: SET_LABEL(9, 2, <span color='red'>$side_1_units.length|</span> <b>:</b> <span color='blue'>$side_2_units.length|</span>) with signature (X=numeric, Y=numeric, STRING=filter)
"/home/trewe/Games/wesnoth/1.11/data/core/macros/utils.cfg", line 178: macro VARIABLE_OP(VAR=name, OP_NAME=name, VALUE=any) has mismatches:
"/home/trewe/src/umc-campaigns/Saving_Elensefar/scenarios/i12_The_Desert_Island.cfg", line 73: VARIABLE_OP(where, rand0..$($map.length-1)) with signature (VAR=name, OP_NAME=name, VALUE=None)
"/home/trewe/src/umc-campaigns/Saving_Elensefar/scenarios/04_Saving_Elensefar.cfg", line 1358: VARIABLE_OP(villagers, rand-1..2) with signature (VAR=name, OP_NAME=name, VALUE=None)
"/home/trewe/src/umc-campaigns/Saving_Elensefar/scenarios/04_Saving_Elensefar.cfg", line 1362: VARIABLE_OP(villagers, rand-2..2) with signature (VAR=name, OP_NAME=name, VALUE=None)
"/home/trewe/src/umc-campaigns/Saving_Elensefar/scenarios/04_Saving_Elensefar.cfg", line 1366: VARIABLE_OP(villagers, rand0..3) with signature (VAR=name, OP_NAME=name, VALUE=None)
"/home/trewe/src/umc-campaigns/Saving_Elensefar/scenarios/04_Saving_Elensefar.cfg", line 1370: VARIABLE_OP(villagers, rand-3..1) with signature (VAR=name, OP_NAME=name, VALUE=None)
"/home/trewe/src/umc-campaigns/Saving_Elensefar/scenarios/04_Saving_Elensefar.cfg", line 1373: VARIABLE_OP(villagers, rand-3..2) with signature (VAR=name, OP_NAME=name, VALUE=None)
"/home/trewe/src/umc-campaigns/Saving_Elensefar/scenarios/04_Saving_Elensefar.cfg", line 1540: VARIABLE_OP(random, randGoblinSpearman,GoblinSpearman,GoblinImpaler) with signature (VAR=name, OP_NAME=name, VALUE=None)
"/home/trewe/src/umc-campaigns/Saving_Elensefar/scenarios/i15_Alduin.cfg", line 443: VARIABLE_OP(gender, randfemale,female,male) with signature (VAR=name, OP_NAME=name, VALUE=None)
"/home/trewe/src/umc-campaigns/Saving_Elensefar/scenarios/i15_Alduin.cfg", line 448: VARIABLE_OP(type, randDarkSorcerer,RedMage,RedMage) with signature (VAR=name, OP_NAME=name, VALUE=None)
"/home/trewe/src/umc-campaigns/Saving_Elensefar/scenarios/i15_Alduin.cfg", line 452: VARIABLE_OP(type, randMage,Mage,DarkAdept) with signature (VAR=name, OP_NAME=name, VALUE=None)
"/home/trewe/src/umc-campaigns/Saving_Elensefar/scenarios/03_Blackmore_the_Black.cfg", line 254: VARIABLE_OP(random, rand2..6) with signature (VAR=name, OP_NAME=name, VALUE=None)
"/home/trewe/src/umc-campaigns/Saving_Elensefar/scenarios/f2-Return_to_Elensefar.cfg", line 233: VARIABLE_OP(experience, rand16..32) with signature (VAR=name, OP_NAME=name, VALUE=None)
"/home/trewe/src/umc-campaigns/Saving_Elensefar/scenarios/f2-Return_to_Elensefar.cfg", line 235: VARIABLE_OP(experience, rand8..24) with signature (VAR=name, OP_NAME=name, VALUE=None)
"/home/trewe/src/umc-campaigns/Saving_Elensefar/scenarios/i13_The_Ruined_Port.cfg", line 154: VARIABLE_OP(random, rand2..6) with signature (VAR=name, OP_NAME=name, VALUE=None)
"/home/trewe/src/umc-campaigns/Saving_Elensefar/scenarios/r_Sea_Battle.cfg", line 113: VARIABLE_OP(type, randLongbowman,ShockTrooper,Swordsman,Javelineer,Javelineer,Lieutenant) with signature (VAR=name, OP_NAME=name, VALUE=None)
"/home/trewe/src/umc-campaigns/Saving_Elensefar/scenarios/r_Sea_Battle.cfg", line 165: VARIABLE_OP(hero, randHeavyInfantryman,Fencer,YoungOgre) with signature (VAR=name, OP_NAME=name, VALUE=None)
"/home/trewe/src/umc-campaigns/Saving_Elensefar/scenarios/i7_Deadly_Alliance.cfg", line 141: VARIABLE_OP(random, rand2..6) with signature (VAR=name, OP_NAME=name, VALUE=None)
"/home/trewe/src/umc-campaigns/Saving_Elensefar/scenarios/i17_Saurian_Trap.cfg", line 411: VARIABLE_OP(random, rand1..$saurians.length) with signature (VAR=name, OP_NAME=name, VALUE=None)
"/home/trewe/src/umc-campaigns/Saving_Elensefar/scenarios/i2_Orc_Mountain.cfg", line 87: VARIABLE_OP(random, rand2..6) with signature (VAR=name, OP_NAME=name, VALUE=None)
"/home/trewe/src/umc-campaigns/Saving_Elensefar/utils/utils.cfg", line 511: VARIABLE_OP(random_recruit_of_{SIDE}, rand1..$recruit_of_side_{SIDE}.length) with signature (VAR=None, OP_NAME=name, VALUE=None)
"/home/trewe/src/umc-campaigns/Saving_Elensefar/utils/utils.cfg", line 564: VARIABLE_OP(random_recruit_of_{SIDE}, rand1..$recruit_of_side_{SIDE}.length) with signature (VAR=None, OP_NAME=name, VALUE=None)
"/home/trewe/src/umc-campaigns/Saving_Elensefar/utils/utils.cfg", line 580: VARIABLE_OP(random_recruit_of_{SIDE}, rand1..$recruit_of_side_{SIDE}.length) with signature (VAR=None, OP_NAME=name, VALUE=None)
